SF:/home/runner/work/ce204-hw-samet-anaz-java/ce204-hw-samet-anaz-java/password-app/src/main/java/com/ucoruh/password/AuthManager.java
DA:12,0
DA:13,0
DA:18,1
DA:26,1
DA:39,1
DA:47,1
DA:55,1
DA:66,1
DA:76,1
DA:84,1
DA:11,1
DA:1,0
end_of_record
SF:/home/runner/work/ce204-hw-samet-anaz-java/ce204-hw-samet-anaz-java/password-app/src/main/java/com/ucoruh/password/AutoLoginManager.java
DA:13,1
DA:8,1
DA:1,0
end_of_record
SF:/home/runner/work/ce204-hw-samet-anaz-java/ce204-hw-samet-anaz-java/password-app/src/main/java/com/ucoruh/password/DatabasePasswordStorage.java
DA:10,0
DA:12,0
DA:37,1
DA:59,1
DA:77,1
DA:100,1
DA:116,1
DA:136,1
DA:16,0
DA:20,0
DA:9,1
DA:1,0
end_of_record
SF:/home/runner/work/ce204-hw-samet-anaz-java/ce204-hw-samet-anaz-java/password-app/src/main/java/com/ucoruh/password/FilePasswordStorage.java
DA:10,0
DA:13,1
DA:32,1
DA:42,1
DA:68,1
DA:83,1
DA:98,1
DA:9,1
DA:1,0
end_of_record
SF:/home/runner/work/ce204-hw-samet-anaz-java/ce204-hw-samet-anaz-java/password-app/src/main/java/com/ucoruh/password/InterfacePasswordStorage.java
DA:16,1
DA:21,1
DA:28,1
DA:35,1
DA:42,1
DA:49,1
DA:1,0
end_of_record
SF:/home/runner/work/ce204-hw-samet-anaz-java/ce204-hw-samet-anaz-java/password-app/src/main/java/com/ucoruh/password/Password.java
DA:7,0
DA:8,0
DA:9,0
DA:18,1
DA:24,0
DA:28,0
DA:32,0
DA:36,0
DA:40,0
DA:45,0
DA:6,1
DA:1,0
end_of_record
SF:/home/runner/work/ce204-hw-samet-anaz-java/ce204-hw-samet-anaz-java/password-app/src/main/java/com/ucoruh/password/PasswordApp.java
DA:17,1
DA:79,1
DA:9,1
DA:1,0
end_of_record
SF:/home/runner/work/ce204-hw-samet-anaz-java/ce204-hw-samet-anaz-java/password-app/src/main/java/com/ucoruh/password/PasswordGenerator.java
DA:10,0
DA:17,1
DA:31,1
DA:9,1
DA:1,0
end_of_record
SF:/home/runner/work/ce204-hw-samet-anaz-java/ce204-hw-samet-anaz-java/password-app/src/main/java/com/ucoruh/password/PasswordManager.java
DA:14,0
DA:15,0
DA:21,1
DA:48,1
DA:58,1
DA:68,1
DA:31,1
DA:39,1
DA:119,1
DA:130,1
DA:13,1
DA:1,0
end_of_record
SF:/home/runner/work/ce204-hw-samet-anaz-java/ce204-hw-samet-anaz-java/password-app/src/main/java/com/ucoruh/password/PasswordStorageFactory.java
DA:14,1
DA:6,1
DA:1,0
end_of_record
SF:/home/runner/work/ce204-hw-samet-anaz-java/ce204-hw-samet-anaz-java/password-app/src/main/java/com/ucoruh/password/PlatformManager.java
DA:11,1
DA:6,1
DA:1,0
end_of_record
SF:/home/runner/work/ce204-hw-samet-anaz-java/ce204-hw-samet-anaz-java/password-app/src/main/java/com/ucoruh/password/StorageType.java
DA:7,0
DA:9,0
DA:6,1
DA:1,0
end_of_record
