SF:/home/runner/work/ce206-hw-samet-anaz-java/ce206-hw-samet-anaz-java/password-app/src/main/java/com/ucoruh/password/gui/AddPasswordController.java
DA:15,0
DA:16,0
DA:17,0
DA:20,0
DA:21,0
DA:22,0
DA:28,1
DA:34,1
DA:53,1
DA:60,1
DA:68,1
DA:141,1
DA:163,1
DA:14,1
DA:1,0
end_of_record
SF:/home/runner/work/ce206-hw-samet-anaz-java/ce206-hw-samet-anaz-java/password-app/src/main/java/com/ucoruh/password/AuthManager.java
DA:24,1
DA:36,1
DA:31,1
DA:42,1
DA:70,1
DA:84,1
DA:50,1
DA:63,1
DA:96,1
DA:104,1
DA:116,1
DA:133,1
DA:142,1
DA:173,1
DA:17,1
DA:1,0
end_of_record
SF:/home/runner/work/ce206-hw-samet-anaz-java/ce206-hw-samet-anaz-java/password-app/src/main/java/com/ucoruh/password/AutoLoginManager.java
DA:23,0
DA:24,0
DA:25,0
DA:32,1
DA:52,1
DA:175,1
DA:193,1
DA:208,1
DA:226,1
DA:68,1
DA:78,1
DA:89,1
DA:105,1
DA:127,1
DA:22,1
DA:1,1
end_of_record
SF:/home/runner/work/ce206-hw-samet-anaz-java/ce206-hw-samet-anaz-java/password-app/src/main/java/com/ucoruh/password/DatabasePasswordStorage.java
DA:18,1
DA:23,1
DA:30,1
DA:75,1
DA:125,1
DA:166,1
DA:240,1
DA:267,1
DA:304,1
DA:40,1
DA:50,1
DA:12,1
DA:1,0
end_of_record
SF:/home/runner/work/ce206-hw-samet-anaz-java/ce206-hw-samet-anaz-java/password-app/src/main/java/com/ucoruh/password/gui/DeletePasswordController.java
DA:15,0
DA:16,0
DA:17,0
DA:18,0
DA:19,0
DA:25,1
DA:31,1
DA:61,1
DA:68,1
DA:75,1
DA:86,1
DA:130,1
DA:152,1
DA:14,1
DA:1,0
end_of_record
SF:/home/runner/work/ce206-hw-samet-anaz-java/ce206-hw-samet-anaz-java/password-app/src/main/java/com/ucoruh/password/gui/DialogController.java
DA:13,1
DA:18,1
DA:24,1
DA:1,0
end_of_record
SF:/home/runner/work/ce206-hw-samet-anaz-java/ce206-hw-samet-anaz-java/password-app/src/main/java/com/ucoruh/password/EncryptionUtil.java
DA:18,0
DA:28,1
DA:44,1
DA:81,1
DA:59,1
DA:17,0
DA:1,1
end_of_record
SF:/home/runner/work/ce206-hw-samet-anaz-java/ce206-hw-samet-anaz-java/password-app/src/main/java/com/ucoruh/password/FilePasswordStorage.java
DA:19,1
DA:24,1
DA:31,1
DA:44,1
DA:75,1
DA:94,1
DA:140,1
DA:168,1
DA:205,1
DA:12,1
DA:1,0
end_of_record
SF:/home/runner/work/ce206-hw-samet-anaz-java/ce206-hw-samet-anaz-java/password-app/src/main/java/com/ucoruh/password/gui/GeneratePasswordController.java
DA:17,0
DA:18,0
DA:19,0
DA:22,0
DA:23,0
DA:24,0
DA:25,0
DA:26,0
DA:27,0
DA:28,0
DA:29,0
DA:35,1
DA:41,1
DA:60,1
DA:67,1
DA:75,1
DA:224,1
DA:240,1
DA:262,1
DA:16,1
DA:1,0
end_of_record
SF:/home/runner/work/ce206-hw-samet-anaz-java/ce206-hw-samet-anaz-java/password-app/src/main/java/com/ucoruh/password/InterfacePasswordStorage.java
DA:21,1
DA:28,1
DA:37,1
DA:46,1
DA:55,1
DA:65,1
DA:1,0
end_of_record
SF:/home/runner/work/ce206-hw-samet-anaz-java/ce206-hw-samet-anaz-java/password-app/src/main/java/com/ucoruh/password/Password.java
DA:16,1
DA:21,1
DA:26,1
DA:35,1
DA:46,1
DA:55,1
DA:64,1
DA:73,1
DA:82,1
DA:92,1
DA:12,1
DA:1,0
end_of_record
SF:/home/runner/work/ce206-hw-samet-anaz-java/ce206-hw-samet-anaz-java/password-app/src/main/java/com/ucoruh/password/PasswordApp.java
DA:23,1
DA:127,1
DA:86,1
DA:108,1
DA:12,1
DA:1,0
end_of_record
SF:/home/runner/work/ce206-hw-samet-anaz-java/ce206-hw-samet-anaz-java/password-app/src/main/java/com/ucoruh/password/PasswordGenerator.java
DA:19,1
DA:20,0
DA:21,0
DA:22,0
DA:23,0
DA:35,1
DA:54,1
DA:116,1
DA:14,1
DA:1,0
end_of_record
SF:/home/runner/work/ce206-hw-samet-anaz-java/ce206-hw-samet-anaz-java/password-app/src/main/java/com/ucoruh/password/PasswordManager.java
DA:20,1
DA:27,1
DA:32,1
DA:41,1
DA:54,1
DA:80,1
DA:112,1
DA:127,1
DA:64,1
DA:179,1
DA:232,1
DA:247,1
DA:14,1
DA:1,0
end_of_record
SF:/home/runner/work/ce206-hw-samet-anaz-java/ce206-hw-samet-anaz-java/password-app/src/main/java/com/ucoruh/password/gui/PasswordManagerGUI.java
DA:23,0
DA:24,0
DA:25,0
DA:26,0
DA:29,0
DA:30,0
DA:31,0
DA:32,0
DA:33,0
DA:36,0
DA:37,0
DA:38,0
DA:39,0
DA:40,0
DA:41,0
DA:42,0
DA:47,1
DA:86,1
DA:274,1
DA:117,1
DA:128,1
DA:157,1
DA:313,1
DA:323,1
DA:378,1
DA:428,1
DA:499,1
DA:535,1
DA:733,1
DA:851,1
DA:1083,1
DA:21,1
DA:1,0
end_of_record
SF:/home/runner/work/ce206-hw-samet-anaz-java/ce206-hw-samet-anaz-java/password-app/src/main/java/com/ucoruh/password/PasswordStorageFactory.java
DA:25,1
DA:12,1
DA:1,0
end_of_record
SF:/home/runner/work/ce206-hw-samet-anaz-java/ce206-hw-samet-anaz-java/password-app/src/main/java/com/ucoruh/password/PlatformManager.java
DA:24,1
DA:33,1
DA:43,1
DA:52,1
DA:70,1
DA:19,1
DA:1,0
end_of_record
SF:/home/runner/work/ce206-hw-samet-anaz-java/ce206-hw-samet-anaz-java/password-app/src/main/java/com/ucoruh/password/StorageType.java
DA:13,1
DA:19,1
DA:9,1
DA:1,0
end_of_record
SF:/home/runner/work/ce206-hw-samet-anaz-java/ce206-hw-samet-anaz-java/password-app/src/main/java/com/ucoruh/password/gui/UpdatePasswordController.java
DA:15,0
DA:16,0
DA:17,0
DA:18,0
DA:19,0
DA:20,0
DA:26,1
DA:32,1
DA:62,1
DA:69,1
DA:76,1
DA:87,1
DA:167,1
DA:189,1
DA:14,1
DA:1,0
end_of_record
SF:/home/runner/work/ce206-hw-samet-anaz-java/ce206-hw-samet-anaz-java/password-app/src/main/java/com/ucoruh/password/gui/ViewPasswordController.java
DA:18,0
DA:19,0
DA:20,0
DA:21,0
DA:22,0
DA:28,1
DA:34,1
DA:56,1
DA:63,1
DA:70,1
DA:81,1
DA:116,1
DA:139,1
DA:17,1
DA:1,0
end_of_record
